<?xml version="1.0" encoding="UTF-8" ?>
<testsuite tests="2" failures="2" name="se.kth.iv1350.POS.model.StoreInformationTest" time="0.004" errors="0" skipped="0">
    <properties>
[...]
</properties>
    <testcase classname="se.kth.iv1350.POS.model.StoreInformationTest" name="se.kth.iv1350.POS.model.StoreInformationTest.testGetStoreName" time="0.004">
        <failure message="Cannot invoke &quot;se.kth.iv1350.POS.model.StoreInformation.getStoreName()&quot; because &quot;instance&quot; is null" type="java.lang.NullPointerException">java.lang.NullPointerException: Cannot invoke &quot;se.kth.iv1350.POS.model.StoreInformation.getStoreName()&quot; because &quot;instance&quot; is null
            at se.kth.iv1350.POS.model.StoreInformationTest.testGetStoreName(StoreInformationTest.java:55)
        </failure>
        <system-out>getStoreName
        </system-out>
    </testcase>
    <testcase classname="se.kth.iv1350.POS.model.StoreInformationTest" name="se.kth.iv1350.POS.model.StoreInformationTest.testGetStoreAddress" time="0">
        <failure message="Cannot invoke &quot;se.kth.iv1350.POS.model.StoreInformation.getStoreAddress()&quot; because &quot;instance&quot; is null" type="java.lang.NullPointerException">java.lang.NullPointerException: Cannot invoke &quot;se.kth.iv1350.POS.model.StoreInformation.getStoreAddress()&quot; because &quot;instance&quot; is null
            at se.kth.iv1350.POS.model.StoreInformationTest.testGetStoreAddress(StoreInformationTest.java:70)
        </failure>
        <system-out>getStoreAddress
        </system-out>
    </testcase>
</testsuite>